<?xml version="1.0" encoding="utf-8"?><testsuites><testsuite name="pytest" errors="0" failures="0" skipped="0" tests="4" time="1.143" timestamp="2025-12-10T15:25:37.646625" hostname="IRS-RASCL02"><testcase classname="examples_rclpy_minimal_action_server.actions.minimal_action_server.test.test_copyright" name="test_copyright" time="0.439" /><testcase classname="examples_rclpy_minimal_action_server.actions.minimal_action_server.test.test_flake8" name="test_flake8" time="0.193" /><testcase classname="examples_rclpy_minimal_action_server.actions.minimal_action_server.test.test_pep257" name="test_pep257" time="0.043" /><testcase classname="examples_rclpy_minimal_action_server.actions.minimal_action_server.test.test_xmllint" name="test_xmllint" time="0.360" /></testsuite></testsuites>