Start testing: Dec 10 15:25 UTC
----------------------------------------------------------
1/6 Testing: copyright
1/6 Test: copyright
Command: "/usr/bin/python3" "-u" "/opt/ros/jazzy/share/ament_cmake_test/cmake/run_test.py" "/root/ws/tutorial/ros2_ws/build/examples_rclcpp_cbg_executor/test_results/examples_rclcpp_cbg_executor/copyright.xunit.xml" "--package-name" "examples_rclcpp_cbg_executor" "--output-file" "/root/ws/tutorial/ros2_ws/build/examples_rclcpp_cbg_executor/ament_copyright/copyright.txt" "--command" "/opt/ros/jazzy/bin/ament_copyright" "--xunit-file" "/root/ws/tutorial/ros2_ws/build/examples_rclcpp_cbg_executor/test_results/examples_rclcpp_cbg_executor/copyright.xunit.xml"
Directory: /root/ws/tutorial/ros2_ws/src/examples/rclcpp/executors/cbg_executor
"copyright" start time: Dec 10 15:25 UTC
Output:
----------------------------------------------------------
-- run_test.py: invoking following command in '/root/ws/tutorial/ros2_ws/src/examples/rclcpp/executors/cbg_executor':
 - /opt/ros/jazzy/bin/ament_copyright --xunit-file /root/ws/tutorial/ros2_ws/build/examples_rclcpp_cbg_executor/test_results/examples_rclcpp_cbg_executor/copyright.xunit.xml
No problems found, checked 8 files
-- run_test.py: return code 0
-- run_test.py: verify result file '/root/ws/tutorial/ros2_ws/build/examples_rclcpp_cbg_executor/test_results/examples_rclcpp_cbg_executor/copyright.xunit.xml'
<end of output>
Test time =   0.58 sec
----------------------------------------------------------
Test Passed.
"copyright" end time: Dec 10 15:25 UTC
"copyright" time elapsed: 00:00:00
----------------------------------------------------------

2/6 Testing: cppcheck
2/6 Test: cppcheck
Command: "/usr/bin/python3" "-u" "/opt/ros/jazzy/share/ament_cmake_test/cmake/run_test.py" "/root/ws/tutorial/ros2_ws/build/examples_rclcpp_cbg_executor/test_results/examples_rclcpp_cbg_executor/cppcheck.xunit.xml" "--package-name" "examples_rclcpp_cbg_executor" "--output-file" "/root/ws/tutorial/ros2_ws/build/examples_rclcpp_cbg_executor/ament_cppcheck/cppcheck.txt" "--command" "/opt/ros/jazzy/bin/ament_cppcheck" "--xunit-file" "/root/ws/tutorial/ros2_ws/build/examples_rclcpp_cbg_executor/test_results/examples_rclcpp_cbg_executor/cppcheck.xunit.xml" "--include_dirs" "/root/ws/tutorial/ros2_ws/src/examples/rclcpp/executors/cbg_executor/include"
Directory: /root/ws/tutorial/ros2_ws/src/examples/rclcpp/executors/cbg_executor
"cppcheck" start time: Dec 10 15:25 UTC
Output:
----------------------------------------------------------
-- run_test.py: invoking following command in '/root/ws/tutorial/ros2_ws/src/examples/rclcpp/executors/cbg_executor':
 - /opt/ros/jazzy/bin/ament_cppcheck --xunit-file /root/ws/tutorial/ros2_ws/build/examples_rclcpp_cbg_executor/test_results/examples_rclcpp_cbg_executor/cppcheck.xunit.xml --include_dirs /root/ws/tutorial/ros2_ws/src/examples/rclcpp/executors/cbg_executor/include
cppcheck 2.13.0 has known performance issues and therefore will not be used, set the AMENT_CPPCHECK_ALLOW_SLOW_VERSIONS environment variable to override this.
-- run_test.py: return code 0
-- run_test.py: verify result file '/root/ws/tutorial/ros2_ws/build/examples_rclcpp_cbg_executor/test_results/examples_rclcpp_cbg_executor/cppcheck.xunit.xml'
<end of output>
Test time =   0.20 sec
----------------------------------------------------------
Test Passed.
"cppcheck" end time: Dec 10 15:25 UTC
"cppcheck" time elapsed: 00:00:00
----------------------------------------------------------

3/6 Testing: cpplint
3/6 Test: cpplint
Command: "/usr/bin/python3" "-u" "/opt/ros/jazzy/share/ament_cmake_test/cmake/run_test.py" "/root/ws/tutorial/ros2_ws/build/examples_rclcpp_cbg_executor/test_results/examples_rclcpp_cbg_executor/cpplint.xunit.xml" "--package-name" "examples_rclcpp_cbg_executor" "--output-file" "/root/ws/tutorial/ros2_ws/build/examples_rclcpp_cbg_executor/ament_cpplint/cpplint.txt" "--command" "/opt/ros/jazzy/bin/ament_cpplint" "--xunit-file" "/root/ws/tutorial/ros2_ws/build/examples_rclcpp_cbg_executor/test_results/examples_rclcpp_cbg_executor/cpplint.xunit.xml"
Directory: /root/ws/tutorial/ros2_ws/src/examples/rclcpp/executors/cbg_executor
"cpplint" start time: Dec 10 15:25 UTC
Output:
----------------------------------------------------------
-- run_test.py: invoking following command in '/root/ws/tutorial/ros2_ws/src/examples/rclcpp/executors/cbg_executor':
 - /opt/ros/jazzy/bin/ament_cpplint --xunit-file /root/ws/tutorial/ros2_ws/build/examples_rclcpp_cbg_executor/test_results/examples_rclcpp_cbg_executor/cpplint.xunit.xml
Using '--root=/root/ws/tutorial/ros2_ws/src/examples/rclcpp/executors/cbg_executor/include' argument

Done processing /root/ws/tutorial/ros2_ws/src/examples/rclcpp/executors/cbg_executor/include/examples_rclcpp_cbg_executor/ping_node.hpp

Done processing /root/ws/tutorial/ros2_ws/src/examples/rclcpp/executors/cbg_executor/include/examples_rclcpp_cbg_executor/pong_node.hpp

Using '--root=/root/ws/tutorial/ros2_ws/src/examples/rclcpp/executors/cbg_executor/src' argument

Done processing /root/ws/tutorial/ros2_ws/src/examples/rclcpp/executors/cbg_executor/src/examples_rclcpp_cbg_executor/ping_node.cpp

Done processing /root/ws/tutorial/ros2_ws/src/examples/rclcpp/executors/cbg_executor/src/examples_rclcpp_cbg_executor/pong_node.cpp

Done processing /root/ws/tutorial/ros2_ws/src/examples/rclcpp/executors/cbg_executor/src/examples_rclcpp_cbg_executor/utilities.hpp

Done processing /root/ws/tutorial/ros2_ws/src/examples/rclcpp/executors/cbg_executor/src/ping.cpp

Done processing /root/ws/tutorial/ros2_ws/src/examples/rclcpp/executors/cbg_executor/src/ping_pong.cpp

Done processing /root/ws/tutorial/ros2_ws/src/examples/rclcpp/executors/cbg_executor/src/pong.cpp

No problems found
-- run_test.py: return code 0
-- run_test.py: verify result file '/root/ws/tutorial/ros2_ws/build/examples_rclcpp_cbg_executor/test_results/examples_rclcpp_cbg_executor/cpplint.xunit.xml'
<end of output>
Test time =   0.44 sec
----------------------------------------------------------
Test Passed.
"cpplint" end time: Dec 10 15:25 UTC
"cpplint" time elapsed: 00:00:00
----------------------------------------------------------

4/6 Testing: lint_cmake
4/6 Test: lint_cmake
Command: "/usr/bin/python3" "-u" "/opt/ros/jazzy/share/ament_cmake_test/cmake/run_test.py" "/root/ws/tutorial/ros2_ws/build/examples_rclcpp_cbg_executor/test_results/examples_rclcpp_cbg_executor/lint_cmake.xunit.xml" "--package-name" "examples_rclcpp_cbg_executor" "--output-file" "/root/ws/tutorial/ros2_ws/build/examples_rclcpp_cbg_executor/ament_lint_cmake/lint_cmake.txt" "--command" "/opt/ros/jazzy/bin/ament_lint_cmake" "--xunit-file" "/root/ws/tutorial/ros2_ws/build/examples_rclcpp_cbg_executor/test_results/examples_rclcpp_cbg_executor/lint_cmake.xunit.xml"
Directory: /root/ws/tutorial/ros2_ws/src/examples/rclcpp/executors/cbg_executor
"lint_cmake" start time: Dec 10 15:25 UTC
Output:
----------------------------------------------------------
-- run_test.py: invoking following command in '/root/ws/tutorial/ros2_ws/src/examples/rclcpp/executors/cbg_executor':
 - /opt/ros/jazzy/bin/ament_lint_cmake --xunit-file /root/ws/tutorial/ros2_ws/build/examples_rclcpp_cbg_executor/test_results/examples_rclcpp_cbg_executor/lint_cmake.xunit.xml

No problems found
-- run_test.py: return code 0
-- run_test.py: verify result file '/root/ws/tutorial/ros2_ws/build/examples_rclcpp_cbg_executor/test_results/examples_rclcpp_cbg_executor/lint_cmake.xunit.xml'
<end of output>
Test time =   0.18 sec
----------------------------------------------------------
Test Passed.
"lint_cmake" end time: Dec 10 15:25 UTC
"lint_cmake" time elapsed: 00:00:00
----------------------------------------------------------

5/6 Testing: uncrustify
5/6 Test: uncrustify
Command: "/usr/bin/python3" "-u" "/opt/ros/jazzy/share/ament_cmake_test/cmake/run_test.py" "/root/ws/tutorial/ros2_ws/build/examples_rclcpp_cbg_executor/test_results/examples_rclcpp_cbg_executor/uncrustify.xunit.xml" "--package-name" "examples_rclcpp_cbg_executor" "--output-file" "/root/ws/tutorial/ros2_ws/build/examples_rclcpp_cbg_executor/ament_uncrustify/uncrustify.txt" "--command" "/opt/ros/jazzy/bin/ament_uncrustify" "--xunit-file" "/root/ws/tutorial/ros2_ws/build/examples_rclcpp_cbg_executor/test_results/examples_rclcpp_cbg_executor/uncrustify.xunit.xml"
Directory: /root/ws/tutorial/ros2_ws/src/examples/rclcpp/executors/cbg_executor
"uncrustify" start time: Dec 10 15:25 UTC
Output:
----------------------------------------------------------
-- run_test.py: invoking following command in '/root/ws/tutorial/ros2_ws/src/examples/rclcpp/executors/cbg_executor':
 - /opt/ros/jazzy/bin/ament_uncrustify --xunit-file /root/ws/tutorial/ros2_ws/build/examples_rclcpp_cbg_executor/test_results/examples_rclcpp_cbg_executor/uncrustify.xunit.xml
No code style divergence in file 'include/examples_rclcpp_cbg_executor/ping_node.hpp'

No code style divergence in file 'include/examples_rclcpp_cbg_executor/pong_node.hpp'

No code style divergence in file 'src/examples_rclcpp_cbg_executor/ping_node.cpp'

No code style divergence in file 'src/examples_rclcpp_cbg_executor/pong_node.cpp'

No code style divergence in file 'src/examples_rclcpp_cbg_executor/utilities.hpp'

No code style divergence in file 'src/ping.cpp'

No code style divergence in file 'src/ping_pong.cpp'

No code style divergence in file 'src/pong.cpp'

No problems found
-- run_test.py: return code 0
-- run_test.py: verify result file '/root/ws/tutorial/ros2_ws/build/examples_rclcpp_cbg_executor/test_results/examples_rclcpp_cbg_executor/uncrustify.xunit.xml'
<end of output>
Test time =   0.21 sec
----------------------------------------------------------
Test Passed.
"uncrustify" end time: Dec 10 15:25 UTC
"uncrustify" time elapsed: 00:00:00
----------------------------------------------------------

6/6 Testing: xmllint
6/6 Test: xmllint
Command: "/usr/bin/python3" "-u" "/opt/ros/jazzy/share/ament_cmake_test/cmake/run_test.py" "/root/ws/tutorial/ros2_ws/build/examples_rclcpp_cbg_executor/test_results/examples_rclcpp_cbg_executor/xmllint.xunit.xml" "--package-name" "examples_rclcpp_cbg_executor" "--output-file" "/root/ws/tutorial/ros2_ws/build/examples_rclcpp_cbg_executor/ament_xmllint/xmllint.txt" "--command" "/opt/ros/jazzy/bin/ament_xmllint" "--xunit-file" "/root/ws/tutorial/ros2_ws/build/examples_rclcpp_cbg_executor/test_results/examples_rclcpp_cbg_executor/xmllint.xunit.xml"
Directory: /root/ws/tutorial/ros2_ws/src/examples/rclcpp/executors/cbg_executor
"xmllint" start time: Dec 10 15:25 UTC
Output:
----------------------------------------------------------
-- run_test.py: invoking following command in '/root/ws/tutorial/ros2_ws/src/examples/rclcpp/executors/cbg_executor':
 - /opt/ros/jazzy/bin/ament_xmllint --xunit-file /root/ws/tutorial/ros2_ws/build/examples_rclcpp_cbg_executor/test_results/examples_rclcpp_cbg_executor/xmllint.xunit.xml
File 'package.xml' is valid

No problems found
-- run_test.py: return code 0
-- run_test.py: verify result file '/root/ws/tutorial/ros2_ws/build/examples_rclcpp_cbg_executor/test_results/examples_rclcpp_cbg_executor/xmllint.xunit.xml'
<end of output>
Test time =   0.38 sec
----------------------------------------------------------
Test Passed.
"xmllint" end time: Dec 10 15:25 UTC
"xmllint" time elapsed: 00:00:00
----------------------------------------------------------

End testing: Dec 10 15:25 UTC

copyright =   0.58 sec*proc

cppcheck =   0.20 sec*proc

cpplint =   0.44 sec*proc

lint_cmake =   0.18 sec*proc

linter =   1.98 sec*proc

uncrustify =   0.21 sec*proc

xmllint =   0.38 sec*proc

