[1m============================= test session starts ==============================[0m
platform linux -- Python 3.12.3, pytest-7.4.4, pluggy-1.4.0
cachedir: /root/ws/tutorial/ros2_ws/build/launch_testing_examples/.pytest_cache
rootdir: /root/ws/tutorial/ros2_ws/src/examples/launch_testing/launch_testing_examples
plugins: ament-flake8-0.17.3, launch-testing-3.4.7, ament-copyright-0.17.3, launch-testing-ros-0.26.9, ament-xmllint-0.17.3, ament-lint-0.17.3, ament-pep257-0.17.3, typeguard-4.1.5, colcon-core-0.20.1
[1mcollecting ... [0m[1m
collected 10 items                                                             [0m

launch_testing_examples/check_msgs_launch_test.py [31mF[0m[31m                      [ 10%][0m
launch_testing_examples/check_multiple_nodes_launch_test.py [31mF[0m[31m            [ 20%][0m
launch_testing_examples/check_node_launch_test.py [31mF[0m[31m                      [ 30%][0m
launch_testing_examples/hello_world_launch_test.py [32m.[0m[31m                     [ 40%][0m
launch_testing_examples/record_rosbag_launch_test.py [31mF[0m[31m                   [ 50%][0m
launch_testing_examples/set_param_launch_test.py [31mF[0m[31m                       [ 60%][0m
test/test_copyright.py [32m.[0m[31m                                                 [ 70%][0m
test/test_flake8.py [32m.[0m[31m                                                    [ 80%][0m
test/test_pep257.py [32m.[0m[31m                                                    [ 90%][0m
test/test_xmllint.py [32m.[0m[31m                                                   [100%][0m

=================================== FAILURES ===================================
[31m[1m_________ launch tests: launch_testing_examples.check_msgs_launch_test _________[0m

===========================================================
FAIL: launch_testing_examples.check_msgs_launch_test.TestFixture.test_check_if_msgs_published
-----------------------------------------------------------
Exception: Launch stopped before the active tests finished.
----------------------------- Captured stdout call -----------------------------
[INFO] [launch]: All log files can be found below /root/.ros/log/2025-12-10-15-25-39-743695-IRS-RASCL02-5423
[INFO] [launch]: Default logging verbosity is set to INFO
[ERROR] [launch]: Caught exception in launch (see debug for traceback): "package 'demo_nodes_cpp' not found, searching: ['/root/ws/tutorial/ros2_ws/install/launch_testing_examples', '/opt/ros/jazzy']"
Processes under test stopped before tests completed
[31m[1m____ launch tests: launch_testing_examples.check_multiple_nodes_launch_test ____[0m

===========================================================
FAIL: launch_testing_examples.check_multiple_nodes_launch_test.CheckMultipleNodesLaunched.test_node_does_not_exist
-----------------------------------------------------------
Exception: Launch stopped before the active tests finished.


===========================================================
FAIL: launch_testing_examples.check_multiple_nodes_launch_test.CheckMultipleNodesLaunched.test_nodes_successful
-----------------------------------------------------------
Exception: Launch stopped before the active tests finished.
----------------------------- Captured stdout call -----------------------------
[INFO] [launch]: All log files can be found below /root/.ros/log/2025-12-10-15-25-39-743695-IRS-RASCL02-5423
[INFO] [launch]: Default logging verbosity is set to INFO
[ERROR] [launch]: Caught exception in launch (see debug for traceback): "package 'demo_nodes_cpp' not found, searching: ['/root/ws/tutorial/ros2_ws/install/launch_testing_examples', '/opt/ros/jazzy']"
Processes under test stopped before tests completed
[31m[1m_________ launch tests: launch_testing_examples.check_node_launch_test _________[0m

===========================================================
FAIL: launch_testing_examples.check_node_launch_test.TestFixture.test_node_start
-----------------------------------------------------------
Exception: Launch stopped before the active tests finished.
----------------------------- Captured stdout call -----------------------------
[INFO] [launch]: All log files can be found below /root/.ros/log/2025-12-10-15-25-39-743695-IRS-RASCL02-5423
[INFO] [launch]: Default logging verbosity is set to INFO
[ERROR] [launch]: Caught exception in launch (see debug for traceback): "package 'demo_nodes_cpp' not found, searching: ['/root/ws/tutorial/ros2_ws/install/launch_testing_examples', '/opt/ros/jazzy']"
Processes under test stopped before tests completed
----------------------------- Captured stderr call -----------------------------
test_node_start (launch_testing_examples.check_node_launch_test.TestFixture.test_node_start) ... 
[31m[1m_______ launch tests: launch_testing_examples.record_rosbag_launch_test ________[0m

===========================================================
FAIL: launch_testing_examples.record_rosbag_launch_test.DelayShutdown.test_delay
-----------------------------------------------------------
Exception: Launch stopped before the active tests finished.


===========================================================
FAIL: launch_testing_examples.record_rosbag_launch_test.TestFixtureAfterShutdown.test_rosbag_record
-----------------------------------------------------------
Exception: Launch stopped before the active tests finished.
----------------------------- Captured stdout call -----------------------------
[INFO] [launch]: All log files can be found below /root/.ros/log/2025-12-10-15-25-39-743695-IRS-RASCL02-5423
[INFO] [launch]: Default logging verbosity is set to INFO
[ERROR] [launch]: Caught exception in launch (see debug for traceback): "package 'demo_nodes_cpp' not found, searching: ['/root/ws/tutorial/ros2_ws/install/launch_testing_examples', '/opt/ros/jazzy']"
Processes under test stopped before tests completed
[31m[1m_________ launch tests: launch_testing_examples.set_param_launch_test __________[0m

===========================================================
FAIL: launch_testing_examples.set_param_launch_test.TestFixture.test_set_parameter
-----------------------------------------------------------
Exception: Launch stopped before the active tests finished.
----------------------------- Captured stdout call -----------------------------
[INFO] [launch]: All log files can be found below /root/.ros/log/2025-12-10-15-25-39-743695-IRS-RASCL02-5423
[INFO] [launch]: Default logging verbosity is set to INFO
[ERROR] [launch]: Caught exception in launch (see debug for traceback): "package 'demo_nodes_cpp' not found, searching: ['/root/ws/tutorial/ros2_ws/install/launch_testing_examples', '/opt/ros/jazzy']"
Processes under test stopped before tests completed
[33m=============================== warnings summary ===============================[0m
test/test_flake8.py::test_flake8
test/test_flake8.py::test_flake8
test/test_flake8.py::test_flake8
test/test_flake8.py::test_flake8
test/test_flake8.py::test_flake8
test/test_flake8.py::test_flake8
  Warning: This process (pid=5423) is multi-threaded, use of fork() may lead to deadlocks in the child.

-- Docs: https://docs.pytest.org/en/stable/how-to/capture-warnings.html
- generated xml file: /root/ws/tutorial/ros2_ws/build/launch_testing_examples/pytest.xml -
[36m[1m=========================== short test summary info ============================[0m
[31mFAILED[0m launch_testing_examples/check_msgs_launch_test.py::[1mlaunch_testing_examples.check_msgs_launch_test[0m - launch_testing_examples.check_msgs_launch_test.TestFixture.test_check_if_ms...
[31mFAILED[0m launch_testing_examples/check_multiple_nodes_launch_test.py::[1mlaunch_testing_examples.check_multiple_nodes_launch_test[0m - launch_testing_examples.check_multiple_nodes_launch_test.CheckMultipleNodes...
[31mFAILED[0m launch_testing_examples/check_node_launch_test.py::[1mlaunch_testing_examples.check_node_launch_test[0m - launch_testing_examples.check_node_launch_test.TestFixture.test_node_start ...
[31mFAILED[0m launch_testing_examples/record_rosbag_launch_test.py::[1mlaunch_testing_examples.record_rosbag_launch_test[0m - launch_testing_examples.record_rosbag_launch_test.DelayShutdown.test_delay ...
[31mFAILED[0m launch_testing_examples/set_param_launch_test.py::[1mlaunch_testing_examples.set_param_launch_test[0m - launch_testing_examples.set_param_launch_test.TestFixture.test_set_paramete...
[31m=================== [31m[1m5 failed[0m, [32m5 passed[0m, [33m6 warnings[0m[31m in 6.14s[0m[31m ====================[0m
