[0.246s] Invoking command in '/root/ws/tutorial/ros2_ws/src/examples/launch_testing/launch_testing_examples': AMENT_PREFIX_PATH=/root/ws/tutorial/ros2_ws/install/launch_testing_examples:${AMENT_PREFIX_PATH} PYTEST_ADDOPTS=--tb=short --junit-xml=/root/ws/tutorial/ros2_ws/build/launch_testing_examples/pytest.xml --junit-prefix=launch_testing_examples -o cache_dir=/root/ws/tutorial/ros2_ws/build/launch_testing_examples/.pytest_cache PYTHONDONTWRITEBYTECODE=1 PYTHONPATH=/root/ws/tutorial/ros2_ws/build/launch_testing_examples:/root/ws/tutorial/ros2_ws/install/launch_testing_examples/lib/python3.12/site-packages:${PYTHONPATH} /usr/bin/python3 -m pytest
[0.616s] [1m============================= test session starts ==============================[0m
[0.616s] platform linux -- Python 3.12.3, pytest-7.4.4, pluggy-1.4.0
[0.620s] cachedir: /root/ws/tutorial/ros2_ws/build/launch_testing_examples/.pytest_cache
[0.620s] rootdir: /root/ws/tutorial/ros2_ws/src/examples/launch_testing/launch_testing_examples
[0.620s] plugins: ament-flake8-0.17.3, launch-testing-3.4.7, ament-copyright-0.17.3, launch-testing-ros-0.26.9, ament-xmllint-0.17.3, ament-lint-0.17.3, ament-pep257-0.17.3, typeguard-4.1.5, colcon-core-0.20.1
[0.861s] [1mcollecting ... [0m[1m
[0.861s] collected 10 items                                                             [0m
[0.862s] 
[0.897s] launch_testing_examples/check_msgs_launch_test.py [31mF[0m[31m                      [ 10%][0m
[0.902s] launch_testing_examples/check_multiple_nodes_launch_test.py [31mF[0m[31m            [ 20%][0m
[5.914s] launch_testing_examples/check_node_launch_test.py [31mF[0m[31m                      [ 30%][0m
[5.920s] launch_testing_examples/hello_world_launch_test.py [32m.[0m[31m                     [ 40%][0m
[5.924s] launch_testing_examples/record_rosbag_launch_test.py [31mF[0m[31m                   [ 50%][0m
[5.929s] launch_testing_examples/set_param_launch_test.py [31mF[0m[31m                       [ 60%][0m
[6.346s] test/test_copyright.py [32m.[0m[31m                                                 [ 70%][0m
[6.485s] test/test_flake8.py [32m.[0m[31m                                                    [ 80%][0m
[6.517s] test/test_pep257.py [32m.[0m[31m                                                    [ 90%][0m
[6.752s] test/test_xmllint.py [32m.[0m[31m                                                   [100%][0m
[6.753s] 
[6.754s] =================================== FAILURES ===================================
[6.754s] [31m[1m_________ launch tests: launch_testing_examples.check_msgs_launch_test _________[0m
[6.755s] 
[6.755s] ===========================================================
[6.755s] FAIL: launch_testing_examples.check_msgs_launch_test.TestFixture.test_check_if_msgs_published
[6.756s] -----------------------------------------------------------
[6.756s] Exception: Launch stopped before the active tests finished.
[6.756s] ----------------------------- Captured stdout call -----------------------------
[6.757s] [INFO] [launch]: All log files can be found below /root/.ros/log/2025-12-10-15-25-39-743695-IRS-RASCL02-5423
[6.757s] [INFO] [launch]: Default logging verbosity is set to INFO
[6.757s] [ERROR] [launch]: Caught exception in launch (see debug for traceback): "package 'demo_nodes_cpp' not found, searching: ['/root/ws/tutorial/ros2_ws/install/launch_testing_examples', '/opt/ros/jazzy']"
[6.758s] Processes under test stopped before tests completed
[6.758s] [31m[1m____ launch tests: launch_testing_examples.check_multiple_nodes_launch_test ____[0m
[6.758s] 
[6.759s] ===========================================================
[6.759s] FAIL: launch_testing_examples.check_multiple_nodes_launch_test.CheckMultipleNodesLaunched.test_node_does_not_exist
[6.759s] -----------------------------------------------------------
[6.759s] Exception: Launch stopped before the active tests finished.
[6.760s] 
[6.760s] 
[6.760s] ===========================================================
[6.760s] FAIL: launch_testing_examples.check_multiple_nodes_launch_test.CheckMultipleNodesLaunched.test_nodes_successful
[6.761s] -----------------------------------------------------------
[6.761s] Exception: Launch stopped before the active tests finished.
[6.761s] ----------------------------- Captured stdout call -----------------------------
[6.762s] [INFO] [launch]: All log files can be found below /root/.ros/log/2025-12-10-15-25-39-743695-IRS-RASCL02-5423
[6.762s] [INFO] [launch]: Default logging verbosity is set to INFO
[6.762s] [ERROR] [launch]: Caught exception in launch (see debug for traceback): "package 'demo_nodes_cpp' not found, searching: ['/root/ws/tutorial/ros2_ws/install/launch_testing_examples', '/opt/ros/jazzy']"
[6.763s] Processes under test stopped before tests completed
[6.763s] [31m[1m_________ launch tests: launch_testing_examples.check_node_launch_test _________[0m
[6.763s] 
[6.763s] ===========================================================
[6.764s] FAIL: launch_testing_examples.check_node_launch_test.TestFixture.test_node_start
[6.764s] -----------------------------------------------------------
[6.764s] Exception: Launch stopped before the active tests finished.
[6.765s] ----------------------------- Captured stdout call -----------------------------
[6.765s] [INFO] [launch]: All log files can be found below /root/.ros/log/2025-12-10-15-25-39-743695-IRS-RASCL02-5423
[6.765s] [INFO] [launch]: Default logging verbosity is set to INFO
[6.765s] [ERROR] [launch]: Caught exception in launch (see debug for traceback): "package 'demo_nodes_cpp' not found, searching: ['/root/ws/tutorial/ros2_ws/install/launch_testing_examples', '/opt/ros/jazzy']"
[6.766s] Processes under test stopped before tests completed
[6.766s] ----------------------------- Captured stderr call -----------------------------
[6.766s] test_node_start (launch_testing_examples.check_node_launch_test.TestFixture.test_node_start) ... 
[6.767s] [31m[1m_______ launch tests: launch_testing_examples.record_rosbag_launch_test ________[0m
[6.767s] 
[6.767s] ===========================================================
[6.767s] FAIL: launch_testing_examples.record_rosbag_launch_test.DelayShutdown.test_delay
[6.768s] -----------------------------------------------------------
[6.768s] Exception: Launch stopped before the active tests finished.
[6.769s] 
[6.769s] 
[6.769s] ===========================================================
[6.769s] FAIL: launch_testing_examples.record_rosbag_launch_test.TestFixtureAfterShutdown.test_rosbag_record
[6.770s] -----------------------------------------------------------
[6.770s] Exception: Launch stopped before the active tests finished.
[6.770s] ----------------------------- Captured stdout call -----------------------------
[6.770s] [INFO] [launch]: All log files can be found below /root/.ros/log/2025-12-10-15-25-39-743695-IRS-RASCL02-5423
[6.771s] [INFO] [launch]: Default logging verbosity is set to INFO
[6.771s] [ERROR] [launch]: Caught exception in launch (see debug for traceback): "package 'demo_nodes_cpp' not found, searching: ['/root/ws/tutorial/ros2_ws/install/launch_testing_examples', '/opt/ros/jazzy']"
[6.771s] Processes under test stopped before tests completed
[6.772s] [31m[1m_________ launch tests: launch_testing_examples.set_param_launch_test __________[0m
[6.772s] 
[6.772s] ===========================================================
[6.773s] FAIL: launch_testing_examples.set_param_launch_test.TestFixture.test_set_parameter
[6.773s] -----------------------------------------------------------
[6.773s] Exception: Launch stopped before the active tests finished.
[6.773s] ----------------------------- Captured stdout call -----------------------------
[6.774s] [INFO] [launch]: All log files can be found below /root/.ros/log/2025-12-10-15-25-39-743695-IRS-RASCL02-5423
[6.774s] [INFO] [launch]: Default logging verbosity is set to INFO
[6.774s] [ERROR] [launch]: Caught exception in launch (see debug for traceback): "package 'demo_nodes_cpp' not found, searching: ['/root/ws/tutorial/ros2_ws/install/launch_testing_examples', '/opt/ros/jazzy']"
[6.774s] Processes under test stopped before tests completed
[6.775s] [33m=============================== warnings summary ===============================[0m
[6.775s] test/test_flake8.py::test_flake8
[6.775s] test/test_flake8.py::test_flake8
[6.776s] test/test_flake8.py::test_flake8
[6.776s] test/test_flake8.py::test_flake8
[6.776s] test/test_flake8.py::test_flake8
[6.777s] test/test_flake8.py::test_flake8
[6.777s]   Warning: This process (pid=5423) is multi-threaded, use of fork() may lead to deadlocks in the child.
[6.777s] 
[6.777s] -- Docs: https://docs.pytest.org/en/stable/how-to/capture-warnings.html
[6.777s] - generated xml file: /root/ws/tutorial/ros2_ws/build/launch_testing_examples/pytest.xml -
[6.778s] [36m[1m=========================== short test summary info ============================[0m
[6.778s] [31mFAILED[0m launch_testing_examples/check_msgs_launch_test.py::[1mlaunch_testing_examples.check_msgs_launch_test[0m - launch_testing_examples.check_msgs_launch_test.TestFixture.test_check_if_ms...
[6.778s] [31mFAILED[0m launch_testing_examples/check_multiple_nodes_launch_test.py::[1mlaunch_testing_examples.check_multiple_nodes_launch_test[0m - launch_testing_examples.check_multiple_nodes_launch_test.CheckMultipleNodes...
[6.778s] [31mFAILED[0m launch_testing_examples/check_node_launch_test.py::[1mlaunch_testing_examples.check_node_launch_test[0m - launch_testing_examples.check_node_launch_test.TestFixture.test_node_start ...
[6.778s] [31mFAILED[0m launch_testing_examples/record_rosbag_launch_test.py::[1mlaunch_testing_examples.record_rosbag_launch_test[0m - launch_testing_examples.record_rosbag_launch_test.DelayShutdown.test_delay ...
[6.779s] [31mFAILED[0m launch_testing_examples/set_param_launch_test.py::[1mlaunch_testing_examples.set_param_launch_test[0m - launch_testing_examples.set_param_launch_test.TestFixture.test_set_paramete...
[6.779s] [31m=================== [31m[1m5 failed[0m, [32m5 passed[0m, [33m6 warnings[0m[31m in 6.14s[0m[31m ====================[0m
[6.991s] Invoked command in '/root/ws/tutorial/ros2_ws/src/examples/launch_testing/launch_testing_examples' returned '1': AMENT_PREFIX_PATH=/root/ws/tutorial/ros2_ws/install/launch_testing_examples:${AMENT_PREFIX_PATH} PYTEST_ADDOPTS=--tb=short --junit-xml=/root/ws/tutorial/ros2_ws/build/launch_testing_examples/pytest.xml --junit-prefix=launch_testing_examples -o cache_dir=/root/ws/tutorial/ros2_ws/build/launch_testing_examples/.pytest_cache PYTHONDONTWRITEBYTECODE=1 PYTHONPATH=/root/ws/tutorial/ros2_ws/build/launch_testing_examples:/root/ws/tutorial/ros2_ws/install/launch_testing_examples/lib/python3.12/site-packages:${PYTHONPATH} /usr/bin/python3 -m pytest
