<?xml version="1.0" encoding="utf-8"?><testsuites><testsuite name="pytest" errors="0" failures="0" skipped="0" tests="4" time="1.020" timestamp="2025-12-10T15:25:38.155989" hostname="IRS-RASCL02"><testcase classname="examples_rclpy_minimal_publisher.topics.minimal_publisher.test.test_copyright" name="test_copyright" time="0.416" /><testcase classname="examples_rclpy_minimal_publisher.topics.minimal_publisher.test.test_flake8" name="test_flake8" time="0.149" /><testcase classname="examples_rclpy_minimal_publisher.topics.minimal_publisher.test.test_pep257" name="test_pep257" time="0.027" /><testcase classname="examples_rclpy_minimal_publisher.topics.minimal_publisher.test.test_xmllint" name="test_xmllint" time="0.332" /></testsuite></testsuites>