<?xml version="1.0" encoding="utf-8"?><testsuites><testsuite name="pytest" errors="0" failures="0" skipped="0" tests="4" time="0.871" timestamp="2025-12-10T15:25:37.909159" hostname="IRS-RASCL02"><testcase classname="examples_rclpy_minimal_client.services.minimal_client.test.test_copyright" name="test_copyright" time="0.414" /><testcase classname="examples_rclpy_minimal_client.services.minimal_client.test.test_flake8" name="test_flake8" time="0.142" /><testcase classname="examples_rclpy_minimal_client.services.minimal_client.test.test_pep257" name="test_pep257" time="0.022" /><testcase classname="examples_rclpy_minimal_client.services.minimal_client.test.test_xmllint" name="test_xmllint" time="0.190" /></testsuite></testsuites>