<?xml version="1.0" encoding="utf-8"?><testsuites><testsuite name="pytest" errors="0" failures="0" skipped="0" tests="4" time="0.774" timestamp="2025-12-10T15:25:38.902935" hostname="IRS-RASCL02"><testcase classname="examples_rclpy_minimal_subscriber.topics.minimal_subscriber.test.test_copyright" name="test_copyright" time="0.346" /><testcase classname="examples_rclpy_minimal_subscriber.topics.minimal_subscriber.test.test_flake8" name="test_flake8" time="0.120" /><testcase classname="examples_rclpy_minimal_subscriber.topics.minimal_subscriber.test.test_pep257" name="test_pep257" time="0.019" /><testcase classname="examples_rclpy_minimal_subscriber.topics.minimal_subscriber.test.test_xmllint" name="test_xmllint" time="0.190" /></testsuite></testsuites>