-- The C compiler identification is GNU 13.3.0
-- The CXX compiler identification is GNU 13.3.0
-- Detecting C compiler ABI info
-- Detecting C compiler ABI info - done
-- Check for working C compiler: /usr/bin/cc - skipped
-- Detecting C compile features
-- Detecting C compile features - done
-- Detecting CXX compiler ABI info
-- Detecting CXX compiler ABI info - done
-- Check for working CXX compiler: /usr/bin/c++ - skipped
-- Detecting CXX compile features
-- Detecting CXX compile features - done
-- Found ament_cmake: 2.5.4 (/opt/ros/jazzy/share/ament_cmake/cmake)
-- Found Python3: /usr/bin/python3 (found version "3.12.3") found components: Interpreter 
-- Found rclcpp: 28.1.13 (/opt/ros/jazzy/share/rclcpp/cmake)
-- Found rosidl_generator_c: 4.6.6 (/opt/ros/jazzy/share/rosidl_generator_c/cmake)
-- Found rosidl_generator_cpp: 4.6.6 (/opt/ros/jazzy/share/rosidl_generator_cpp/cmake)
-- Using all available rosidl_typesupport_c: rosidl_typesupport_fastrtps_c;rosidl_typesupport_introspection_c
-- Using all available rosidl_typesupport_cpp: rosidl_typesupport_fastrtps_cpp;rosidl_typesupport_introspection_cpp
-- Found rmw_implementation_cmake: 7.3.2 (/opt/ros/jazzy/share/rmw_implementation_cmake/cmake)
-- Found rmw_fastrtps_cpp: 8.4.3 (/opt/ros/jazzy/share/rmw_fastrtps_cpp/cmake)
-- Found OpenSSL: /usr/lib/x86_64-linux-gnu/libcrypto.so (found version "3.0.13")  
-- Found FastRTPS: /opt/ros/jazzy/include (Required is at least version "2.13") 
-- Using RMW implementation 'rmw_fastrtps_cpp' as default
-- Found std_msgs: 5.3.6 (/opt/ros/jazzy/share/std_msgs/cmake)
-- Found ament_lint_auto: 0.17.3 (/opt/ros/jazzy/share/ament_lint_auto/cmake)
-- Added test 'cppcheck' to perform static code analysis on C / C++ code
-- Configured cppcheck include dirs: 
-- Configured cppcheck exclude dirs and/or files: 
-- Added test 'lint_cmake' to check CMake code style
-- Added test 'uncrustify' to check C / C++ code style
-- Configured uncrustify additional arguments: 
-- Added test 'xmllint' to check XML markup files
-- Configuring done (1.3s)
-- Generating done (0.0s)
-- Build files have been written to: /root/ws/build/motorctl_cpp
[ 50%] [32mBuilding CXX object CMakeFiles/slave.dir/src/slave.cpp.o[0m
[ 50%] [32mBuilding CXX object CMakeFiles/master.dir/src/master.cpp.o[0m
[01m[K/root/ws/src/motorctl_cpp/src/slave.cpp:[m[K In member function â€˜[01m[Kbool Slave::[01;32m[Kmotor_comm_init[m[K()[m[Kâ€™:
[01m[K/root/ws/src/motorctl_cpp/src/slave.cpp:107:34:[m[K [01;31m[Kerror: [m[Kâ€˜[01m[KIOmap[m[Kâ€™ was not declared in this scope
  107 |       ecx_config_map_group(&ctx, [01;31m[KIOmap[m[K, 0);
      |                                  [01;31m[K^~~~~[m[K
[01m[K/root/ws/src/motorctl_cpp/src/slave.cpp:[m[K In member function â€˜[01m[Kvoid Slave::[01;32m[Khandle_command[m[K(const std::string&)[m[Kâ€™:
[01m[K/root/ws/src/motorctl_cpp/src/slave.cpp:127:43:[m[K [01;35m[Kwarning: [m[Kunused parameter â€˜[01m[Kcmd[m[Kâ€™ [[01;35m[K]8;;https://gcc.gnu.org/onlinedocs/gcc/Warning-Options.html#index-Wunused-parameter-Wunused-parameter]8;;[m[K]
  127 |   void handle_command([01;35m[Kconst std::string & cmd[m[K)
      |                       [01;35m[K~~~~~~~~~~~~~~~~~~~~^~~[m[K
gmake[2]: *** [CMakeFiles/slave.dir/build.make:76: CMakeFiles/slave.dir/src/slave.cpp.o] Error 1
gmake[1]: *** [CMakeFiles/Makefile2:165: CMakeFiles/slave.dir/all] Error 2
gmake[1]: *** Waiting for unfinished jobs....
[ 75%] [32m[1mLinking CXX executable master[0m
[ 75%] Built target master
gmake: *** [Makefile:146: all] Error 2
