[0.013s] Invoking command in '/root/ws/build/motorctl_cpp': CMAKE_PREFIX_PATH=${CMAKE_PREFIX_PATH}:/opt/ros/jazzy /usr/bin/cmake /root/ws/src/motorctl_cpp -DCMAKE_INSTALL_PREFIX=/root/ws/install/motorctl_cpp
[0.077s] -- The C compiler identification is GNU 13.3.0
[0.145s] -- The CXX compiler identification is GNU 13.3.0
[0.164s] -- Detecting C compiler ABI info
[0.261s] -- Detecting C compiler ABI info - done
[0.273s] -- Check for working C compiler: /usr/bin/cc - skipped
[0.273s] -- Detecting C compile features
[0.273s] -- Detecting C compile features - done
[0.284s] -- Detecting CXX compiler ABI info
[0.397s] -- Detecting CXX compiler ABI info - done
[0.409s] -- Check for working CXX compiler: /usr/bin/c++ - skipped
[0.409s] -- Detecting CXX compile features
[0.409s] -- Detecting CXX compile features - done
[0.413s] -- Found ament_cmake: 2.5.4 (/opt/ros/jazzy/share/ament_cmake/cmake)
[0.581s] -- Found Python3: /usr/bin/python3 (found version "3.12.3") found components: Interpreter 
[0.708s] -- Found rclcpp: 28.1.13 (/opt/ros/jazzy/share/rclcpp/cmake)
[0.764s] -- Found rosidl_generator_c: 4.6.6 (/opt/ros/jazzy/share/rosidl_generator_c/cmake)
[0.780s] -- Found rosidl_generator_cpp: 4.6.6 (/opt/ros/jazzy/share/rosidl_generator_cpp/cmake)
[0.802s] -- Using all available rosidl_typesupport_c: rosidl_typesupport_fastrtps_c;rosidl_typesupport_introspection_c
[0.826s] -- Using all available rosidl_typesupport_cpp: rosidl_typesupport_fastrtps_cpp;rosidl_typesupport_introspection_cpp
[0.930s] -- Found rmw_implementation_cmake: 7.3.2 (/opt/ros/jazzy/share/rmw_implementation_cmake/cmake)
[0.933s] -- Found rmw_fastrtps_cpp: 8.4.3 (/opt/ros/jazzy/share/rmw_fastrtps_cpp/cmake)
[1.025s] -- Found OpenSSL: /usr/lib/x86_64-linux-gnu/libcrypto.so (found version "3.0.13")  
[1.044s] -- Found FastRTPS: /opt/ros/jazzy/include (Required is at least version "2.13") 
[1.071s] -- Using RMW implementation 'rmw_fastrtps_cpp' as default
[1.168s] -- Found std_msgs: 5.3.6 (/opt/ros/jazzy/share/std_msgs/cmake)
[1.190s] -- Found ament_lint_auto: 0.17.3 (/opt/ros/jazzy/share/ament_lint_auto/cmake)
[1.328s] -- Added test 'cppcheck' to perform static code analysis on C / C++ code
[1.328s] -- Configured cppcheck include dirs: 
[1.328s] -- Configured cppcheck exclude dirs and/or files: 
[1.329s] -- Added test 'lint_cmake' to check CMake code style
[1.330s] -- Added test 'uncrustify' to check C / C++ code style
[1.330s] -- Configured uncrustify additional arguments: 
[1.331s] -- Added test 'xmllint' to check XML markup files
[1.333s] -- Configuring done (1.3s)
[1.350s] -- Generating done (0.0s)
[1.355s] -- Build files have been written to: /root/ws/build/motorctl_cpp
[1.365s] Invoked command in '/root/ws/build/motorctl_cpp' returned '0': CMAKE_PREFIX_PATH=${CMAKE_PREFIX_PATH}:/opt/ros/jazzy /usr/bin/cmake /root/ws/src/motorctl_cpp -DCMAKE_INSTALL_PREFIX=/root/ws/install/motorctl_cpp
[1.366s] Invoking command in '/root/ws/build/motorctl_cpp': CMAKE_PREFIX_PATH=${CMAKE_PREFIX_PATH}:/opt/ros/jazzy /usr/bin/cmake --build /root/ws/build/motorctl_cpp -- -j6 -l6
[1.425s] [ 50%] [32mBuilding CXX object CMakeFiles/slave.dir/src/slave.cpp.o[0m
[1.425s] [ 50%] [32mBuilding CXX object CMakeFiles/master.dir/src/master.cpp.o[0m
[3.928s] [01m[K/root/ws/src/motorctl_cpp/src/slave.cpp:[m[K In member function â€˜[01m[Kbool Slave::[01;32m[Kmotor_comm_init[m[K()[m[Kâ€™:
[3.929s] [01m[K/root/ws/src/motorctl_cpp/src/slave.cpp:107:34:[m[K [01;31m[Kerror: [m[Kâ€˜[01m[KIOmap[m[Kâ€™ was not declared in this scope
[3.929s]   107 |       ecx_config_map_group(&ctx, [01;31m[KIOmap[m[K, 0);
[3.929s]       |                                  [01;31m[K^~~~~[m[K
[3.929s] [01m[K/root/ws/src/motorctl_cpp/src/slave.cpp:[m[K In member function â€˜[01m[Kvoid Slave::[01;32m[Khandle_command[m[K(const std::string&)[m[Kâ€™:
[3.930s] [01m[K/root/ws/src/motorctl_cpp/src/slave.cpp:127:43:[m[K [01;35m[Kwarning: [m[Kunused parameter â€˜[01m[Kcmd[m[Kâ€™ [[01;35m[K]8;;https://gcc.gnu.org/onlinedocs/gcc/Warning-Options.html#index-Wunused-parameter-Wunused-parameter]8;;[m[K]
[3.930s]   127 |   void handle_command([01;35m[Kconst std::string & cmd[m[K)
[3.930s]       |                       [01;35m[K~~~~~~~~~~~~~~~~~~~~^~~[m[K
[6.174s] gmake[2]: *** [CMakeFiles/slave.dir/build.make:76: CMakeFiles/slave.dir/src/slave.cpp.o] Error 1
[6.174s] gmake[1]: *** [CMakeFiles/Makefile2:165: CMakeFiles/slave.dir/all] Error 2
[6.174s] gmake[1]: *** Waiting for unfinished jobs....
[9.689s] [ 75%] [32m[1mLinking CXX executable master[0m
[9.998s] [ 75%] Built target master
[9.999s] gmake: *** [Makefile:146: all] Error 2
[10.001s] Invoked command in '/root/ws/build/motorctl_cpp' returned '2': CMAKE_PREFIX_PATH=${CMAKE_PREFIX_PATH}:/opt/ros/jazzy /usr/bin/cmake --build /root/ws/build/motorctl_cpp -- -j6 -l6
