<?xml version="1.0" encoding="utf-8"?><testsuites><testsuite name="pytest" errors="0" failures="0" skipped="0" tests="4" time="0.776" timestamp="2025-12-10T15:25:37.125343" hostname="IRS-RASCL02"><testcase classname="examples_rclpy_guard_conditions.guard_conditions.test.test_copyright" name="test_copyright" time="0.263" /><testcase classname="examples_rclpy_guard_conditions.guard_conditions.test.test_flake8" name="test_flake8" time="0.151" /><testcase classname="examples_rclpy_guard_conditions.guard_conditions.test.test_pep257" name="test_pep257" time="0.039" /><testcase classname="examples_rclpy_guard_conditions.guard_conditions.test.test_xmllint" name="test_xmllint" time="0.222" /></testsuite></testsuites>