<?xml version="1.0" encoding="utf-8"?><testsuites><testsuite name="pytest" errors="0" failures="0" skipped="0" tests="4" time="1.139" timestamp="2025-12-10T15:25:36.917144" hostname="IRS-RASCL02"><testcase classname="examples_rclpy_executors.executors.test.test_copyright" name="test_copyright" time="0.472" /><testcase classname="examples_rclpy_executors.executors.test.test_flake8" name="test_flake8" time="0.185" /><testcase classname="examples_rclpy_executors.executors.test.test_pep257" name="test_pep257" time="0.037" /><testcase classname="examples_rclpy_executors.executors.test.test_xmllint" name="test_xmllint" time="0.331" /></testsuite></testsuites>