[ 75%] [32mBuilding CXX object CMakeFiles/slave.dir/src/slave.cpp.o[0m
[ 75%] Built target master
[01m[K/root/ws/src/motorctl_cpp/src/slave.cpp:36:11:[m[K [01;31m[Kerror: [m[Kexpected class-name before â€˜[01m[K([m[Kâ€™ token
   36 |   ~SubNode[01;31m[K([m[K) override
      |           [01;31m[K^[m[K
[01m[K/root/ws/src/motorctl_cpp/src/slave.cpp:75:23:[m[K [01;31m[Kerror: [m[Kâ€˜[01m[Kmsg[m[Kâ€™ has not been declared
   75 |   void handle_command([01;31m[Kmsg[m[K->data);
      |                       [01;31m[K^~~[m[K
[01m[K/root/ws/src/motorctl_cpp/src/slave.cpp:75:26:[m[K [01;31m[Kerror: [m[Kexpected â€˜[01m[K,[m[Kâ€™ or â€˜[01m[K...[m[Kâ€™ before â€˜[01m[K->[m[Kâ€™ token
   75 |   void handle_command(msg[01;31m[K->[m[Kdata);
      |                          [01;31m[K^~[m[K
[01m[K/root/ws/src/motorctl_cpp/src/slave.cpp:76:3:[m[K [01;31m[Kerror: [m[Kexpected unqualified-id before â€˜[01m[K{[m[Kâ€™ token
   76 |   [01;31m[K{[m[K
      |   [01;31m[K^[m[K
[01m[K/root/ws/src/motorctl_cpp/src/slave.cpp:[m[K In lambda function:
[01m[K/root/ws/src/motorctl_cpp/src/slave.cpp:28:29:[m[K [01;31m[Kerror: [m[Kcannot convert â€˜[01m[Kstd_msgs::msg::String_<std::allocator<void> >::_data_type[m[Kâ€™ {aka â€˜[01m[Kstd::__cxx11::basic_string<char>[m[Kâ€™} to â€˜[01m[Kint[m[Kâ€™
   28 |         handle_command([01;31m[Kmsg->data[m[K);
      |                        [01;31m[K~~~~~^~~~[m[K
      |                             [01;31m[K|[m[K
      |                             [01;31m[Kstd_msgs::msg::String_<std::allocator<void> >::_data_type {aka std::__cxx11::basic_string<char>}[m[K
[01m[K/root/ws/src/motorctl_cpp/src/slave.cpp:75:23:[m[K [01;36m[Knote: [m[K  initializing argument 1 of â€˜[01m[Kvoid Slave::[01;32m[Khandle_command[m[K(int)[m[Kâ€™
   75 |   void handle_command([01;36m[Kmsg[m[K->data);
      |                       [01;36m[K^~~[m[K
[01m[K/root/ws/src/motorctl_cpp/src/slave.cpp:[m[K In constructor â€˜[01m[KSlave::[01;32m[KSlave[m[K()[m[Kâ€™:
[01m[K/root/ws/src/motorctl_cpp/src/slave.cpp:32:60:[m[K [01;31m[Kerror: [m[Kâ€˜[01m[KSubNode[m[Kâ€™ has not been declared
   32 |     start_timer_ = this->create_wall_timer(5ms, std::bind(&[01;31m[KSubNode[m[K::start_init, this));
      |                                                            [01;31m[K^~~~~~~[m[K
[01m[K/root/ws/src/motorctl_cpp/src/slave.cpp:[m[K In member function â€˜[01m[Kvoid Slave::[01;32m[Kinit_flow[m[K()[m[Kâ€™:
[01m[K/root/ws/src/motorctl_cpp/src/slave.cpp:59:5:[m[K [01;31m[Kerror: [m[Kâ€˜[01m[Kstatus_pub_[m[Kâ€™ was not declared in this scope; did you mean â€˜[01m[Kstatus_pub[m[Kâ€™?
   59 |     [01;31m[Kstatus_pub_[m[K->publish(st);
      |     [01;31m[K^~~~~~~~~~~[m[K
      |     [32m[Kstatus_pub[m[K
gmake[2]: *** [CMakeFiles/slave.dir/build.make:76: CMakeFiles/slave.dir/src/slave.cpp.o] Error 1
gmake[1]: *** [CMakeFiles/Makefile2:165: CMakeFiles/slave.dir/all] Error 2
gmake: *** [Makefile:146: all] Error 2
